[Log saved at: Fri Mar 1 13:56:52 GMT+0800 2013]
网络数据: 本局结束&00&10000&aeeaeaaeaellllllleaaalaaaeae&*本局结束&00&2000&aaleeaeeeeeiffibaaeiagaeeeka&*本局结束&00&3000&eeeeeeeaeaeaaiilicfibbechaeiceaeihlieaiiilai&*本局结束&00&4000&eeeeiiaaeaa&*本局结束&00&8888&ee&*本局结束&00&8&eeeea&*本局结束&00&8&eee&*本局结束&00&8&eee&*本局结束&00&80000&eee&*本局结束&00&888888&eee&*本局结束&00&8&eeeeaaeaae&*etetrvtrunjruveaxdfreatnkji7lkr4brtvfearxerhn6ukjerfwefxnhryjwv*
公告: etetrvtrunjruveaxdfreatnkji7lkr4brtvfearxerhn6ukjerfwefxnhryjwv
 :: VideoPlay Class ::
 :: VideoPlay Class ::
 :: 连环押注 Class ::
 :: 大视频押注台 Class ::
 :: 小视频押注台 Class ::
 :: 押注台 Class ::
 :: 连环押注 Class ::
 :: 大视频押注台 Class ::
 :: 小视频押注台 Class ::
 :: 押注台 Class ::
 :: 游戏状态 Class ::
 :: 游戏状态 Class ::
 :: 每注十元 Class ::
 :: 每注十元 Class ::
 :: msg Class ::
 :: msg Class ::
當前模式 : 大视频
 :: 切换按钮 Class ::
 :: 切换按钮 Class ::
 [ 227 ] >> 当前台 : 0 >> 当前路单表 :
 [ 250 ] ======================= 
 [ 259 ] >> 当前台 :0当前显示路 :
 [ 227 ] >> 当前台 : 0 >> 当前路单表 :
 [ 250 ] ======================= 
 [ 259 ] >> 当前台 :0当前显示路 :
 [ 227 ] >> 当前台 : 0 >> 当前路单表 :
 [ 250 ] ======================= 
 [ 259 ] >> 当前台 :0当前显示路 :
 [ 227 ] >> 当前台 : 0 >> 当前路单表 :
 [ 250 ] ======================= 
 [ 259 ] >> 当前台 :0当前显示路 :
 [ 227 ] >> 当前台 : 0 >> 当前路单表 :
 [ 250 ] ======================= 
 [ 259 ] >> 当前台 :0当前显示路 :
 [ 227 ] >> 当前台 : 0 >> 当前路单表 :
 [ 250 ] ======================= 
 [ 259 ] >> 当前台 :0当前显示路 :
 [ 227 ] >> 当前台 : 0 >> 当前路单表 :
 [ 250 ] ======================= 
 [ 259 ] >> 当前台 :0当前显示路 :
 [ 227 ] >> 当前台 : 0 >> 当前路单表 :
 [ 250 ] ======================= 
 [ 259 ] >> 当前台 :0当前显示路 :
 [ 227 ] >> 当前台 : 0 >> 当前路单表 :
 [ 250 ] ======================= 
 [ 259 ] >> 当前台 :0当前显示路 :
 [ 227 ] >> 当前台 : 0 >> 当前路单表 :
 [ 250 ] ======================= 
 [ 259 ] >> 当前台 :0当前显示路 :
 [ 307 ] >>  当前进入 : 百家乐2
 >>  路单表1 
 [ 227 ] >> 当前台 : 0 >> 当前路单表 :aeeaeaaeaellllllleaaalaaaeae
 [ 250 ] ======================= 
 [ 259 ] >> 当前台 :0当前显示路 :aeeaeaaeaellllllleaaalaaaeae
 [ 227 ] >> 当前台 : 0 >> 当前路单表 :aaleeaeeeeeiffibaaeiagaeeeka
 [ 250 ] ======================= 
 [ 259 ] >> 当前台 :0当前显示路 :aaleeaeeeeeiffibaaeiagaeeeka
 [ 227 ] >> 当前台 : 0 >> 当前路单表 :eeeeeeeaeaeaaiilicfibbechaeiceaeihlieaiiilai
 [ 250 ] ======================= 
 [ 259 ] >> 当前台 :0当前显示路 :eeeeeeeaeaeaaiilicfibbechaeiceaeihlieaiiilai
 [ 227 ] >> 当前台 : 0 >> 当前路单表 :eeeeiiaaeaa
 [ 250 ] ======================= 
 [ 259 ] >> 当前台 :0当前显示路 :eeeeiiaaeaa
 [ 227 ] >> 当前台 : 2 >> 当前路单表 :aaleeaeeeeeiffibaaeiagaeeeka
 [ 236 ] >> 路单表2s :aaleeaeeeeeiffibaaeiagaeeeka
 [ 250 ] ======================= 
 [ 259 ] >> 当前台 :2当前显示路 :aaleeaeeeeeiffibaaeiagaeeeka
 :: 系统声音 Class ::
 :: 登陆动画 Class ::
 :: 系统声音 Class ::
 :: netclient Class ::
 :: Login Class ::
 :: 系统声音 Class ::
 :: 数据分发 Class ::
 :: 标韪按钮 Class ::
 :: 标韪按钮 Class ::
 :: 标韪按钮 Class ::
 :: 标韪按钮 Class ::
 :: 标韪按钮 Class ::
 :: 标韪按钮 Class ::
 :: 游戏大厅 Class ::
 :: 转台信息 Class ::
 :: window Class ::
 :: 修改密码 Class ::
 :: 系统设定 Class ::
 :: initloader Class ::
 :: 同意协议 Class ::
 :: initloader Class ::
 :: 网络断开 Class ::
系统启动
网络数据: 本局结束&00&10000&aeeaeaaeaellllllleaaalaaaeae&*本局结束&00&2000&aaleeaeeeeeiffibaaeiagaeeeka&*本局结束&00&3000&eeeeeeeaeaeaaiilicfibbechaeiceaeihlieaiiilai&*本局结束&00&4000&eeeeiiaaeaa&*本局结束&00&8888&ee&*本局结束&00&8&eeeea&*本局结束&00&8&eee&*本局结束&00&8&eee&*本局结束&00&80000&eee&*本局结束&00&888888&eee&*本局结束&00&8&eeeeaaeaae&*etetrvtrunjruveaxdfreatnkji7lkr4brtvfearxerhn6ukjerfwefxnhryjwv*
公告: etetrvtrunjruveaxdfreatnkji7lkr4brtvfearxerhn6ukjerfwefxnhryjwv